#
# There is insufficient memory for the Java Runtime Environment to continue.
# Native memory allocation (malloc) failed to allocate 1206896 bytes for Chunk::new
# Possible reasons:
#   The system is out of physical RAM or swap space
#   The process is running with CompressedOops enabled, and the Java Heap may be blocking the growth of the native heap
# Possible solutions:
#   Reduce memory load on the system
#   Increase physical memory or swap space
#   Check if swap backing store is full
#   Decrease Java heap size (-Xmx/-Xms)
#   Decrease number of Java threads
#   Decrease Java thread stack sizes (-Xss)
#   Set larger code cache with -XX:ReservedCodeCacheSize=
#   JVM is running with Unscaled Compressed Oops mode in which the Java heap is
#     placed in the first 4GB address space. The Java Heap base address is the
#     maximum limit for the native heap growth. Please use -XX:HeapBaseMinAddress
#     to set the Java Heap base and to place the Java Heap above 4GB virtual address.
# This output file may be truncated or incomplete.
#
#  Out of Memory Error (allocation.cpp:389), pid=13600, tid=0x0000000000003be4
#
# JRE version: OpenJDK Runtime Environment (8.0_202-b03) (build 1.8.0_202-release-1483-b03)
# Java VM: OpenJDK 64-Bit Server VM (25.202-b03 mixed mode windows-amd64 compressed oops)
# Failed to write core dump. Minidumps are not enabled by default on client versions of Windows
#

---------------  T H R E A D  ---------------

Current thread (0x0000000016542000):  JavaThread "C2 CompilerThread0" daemon [_thread_in_native, id=15332, stack(0x0000000017ba0000,0x0000000017ca0000)]

Stack: [0x0000000017ba0000,0x0000000017ca0000]
[error occurred during error reporting (printing stack bounds), id 0xc0000005]

Native frames: (J=compiled Java code, j=interpreted, Vv=VM code, C=native code)


Current CompileTask:
C2:3665670 35531       4       com.android.tools.r8.dex.DexParser::f (631 bytes)


---------------  P R O C E S S  ---------------

Java Threads: ( => current thread )
  0x0000000029446800 JavaThread "ForkJoinPool-21-worker-0" daemon [_thread_blocked, id=19436, stack(0x0000000030ba0000,0x0000000030ca0000)]
  0x0000000029445000 JavaThread "ForkJoinPool-21-worker-3" daemon [_thread_blocked, id=18804, stack(0x0000000030aa0000,0x0000000030ba0000)]
  0x0000000029445800 JavaThread "ForkJoinPool-21-worker-2" daemon [_thread_blocked, id=17592, stack(0x000000002f2d0000,0x000000002f3d0000)]
  0x0000000029443800 JavaThread "ForkJoinPool-21-worker-1" daemon [_thread_blocked, id=11760, stack(0x000000002f1d0000,0x000000002f2d0000)]
  0x0000000023f03800 JavaThread "WorkerExecutor Queue Thread 6" [_thread_blocked, id=18400, stack(0x00000000309a0000,0x0000000030aa0000)]
  0x0000000023efd000 JavaThread "ForkJoinPool.commonPool-worker-0" daemon [_thread_blocked, id=13960, stack(0x000000002f0d0000,0x000000002f1d0000)]
  0x0000000023ef6000 JavaThread "WorkerExecutor Queue Thread 5" [_thread_in_Java, id=10772, stack(0x000000002efd0000,0x000000002f0d0000)]
  0x0000000023efa000 JavaThread "Cache worker for Java compile cache (C:\Users\Chobotov\AndroidStudioProjects\VisitLog\.gradle\5.4.1\javaCompile)" [_thread_blocked, id=12728, stack(0x000000002ecd0000,0x000000002edd0000)]
  0x0000000023ef9000 JavaThread "stdout" [_thread_in_native, id=10480, stack(0x000000002ebd0000,0x000000002ecd0000)]
  0x0000000023ef8800 JavaThread "stderr" [_thread_in_native, id=6588, stack(0x000000002ead0000,0x000000002ebd0000)]
  0x0000000023efc000 JavaThread "stdout" [_thread_in_native, id=13860, stack(0x000000002e9d0000,0x000000002ead0000)]
  0x000000001906c000 JavaThread "stderr" [_thread_in_native, id=17700, stack(0x000000002e8d0000,0x000000002e9d0000)]
  0x000000001906a800 JavaThread "stdout" [_thread_in_native, id=19584, stack(0x000000002e7d0000,0x000000002e8d0000)]
  0x0000000019069000 JavaThread "stderr" [_thread_in_native, id=12068, stack(0x000000002e6d0000,0x000000002e7d0000)]
  0x0000000019067000 JavaThread "stdout" [_thread_in_native, id=8992, stack(0x000000002e5d0000,0x000000002e6d0000)]
  0x000000001f50c800 JavaThread "stderr" [_thread_in_native, id=21660, stack(0x000000002e4d0000,0x000000002e5d0000)]
  0x000000001f50c000 JavaThread "pool-36-thread-1" [_thread_blocked, id=3988, stack(0x000000002e3d0000,0x000000002e4d0000)]
  0x000000001f50f000 JavaThread "WorkerExecutor Queue Thread 4" [_thread_blocked, id=14552, stack(0x000000002e0d0000,0x000000002e1d0000)]
  0x000000001faca800 JavaThread "WorkerExecutor Queue" [_thread_blocked, id=19172, stack(0x000000002ddd0000,0x000000002ded0000)]
  0x000000001facb800 JavaThread "Cache worker for execution history cache (C:\Users\Chobotov\AndroidStudioProjects\VisitLog\.gradle\5.4.1\executionHistory)" [_thread_blocked, id=10964, stack(0x000000002dcd0000,0x000000002ddd0000)]
  0x000000001fac9000 JavaThread "Execution worker for ':' Thread 3" [_thread_blocked, id=16496, stack(0x000000002dbd0000,0x000000002dcd0000)]
  0x000000001faca000 JavaThread "Execution worker for ':' Thread 2" [_thread_blocked, id=18244, stack(0x000000002dad0000,0x000000002dbd0000)]
  0x000000001fac5800 JavaThread "Execution worker for ':'" [_thread_blocked, id=19484, stack(0x000000002d9d0000,0x000000002dad0000)]
  0x000000001fabe000 JavaThread "Cache worker for file content cache (C:\Users\Chobotov\AndroidStudioProjects\VisitLog\.gradle\5.4.1\fileContent)" [_thread_blocked, id=18032, stack(0x000000002c6d0000,0x000000002c7d0000)]
  0x000000001fac3000 JavaThread "Cache worker for Build Output Cleanup Cache (C:\Users\Chobotov\AndroidStudioProjects\VisitLog\.gradle\buildOutputCleanup)" [_thread_blocked, id=5876, stack(0x000000002abd0000,0x000000002acd0000)]
  0x000000001fac4800 JavaThread "Build operations Thread 4" [_thread_blocked, id=18952, stack(0x000000002a630000,0x000000002a730000)]
  0x000000001fac1000 JavaThread "Build operations Thread 3" [_thread_blocked, id=12944, stack(0x0000000028aa0000,0x0000000028ba0000)]
  0x000000001ce5a800 JavaThread "Build operations Thread 2" [_thread_blocked, id=9716, stack(0x00000000287a0000,0x00000000288a0000)]
  0x000000001ce5a000 JavaThread "Build operations" [_thread_blocked, id=21776, stack(0x00000000286a0000,0x00000000287a0000)]
  0x000000001ce59000 JavaThread "Cache worker for cache directory md-rule (C:\Users\Chobotov\.gradle\caches\5.4.1\md-rule)" [_thread_blocked, id=22448, stack(0x0000000027780000,0x0000000027880000)]
  0x000000001ce58800 JavaThread "Cache worker for cache directory md-supplier (C:\Users\Chobotov\.gradle\caches\5.4.1\md-supplier)" [_thread_blocked, id=18872, stack(0x0000000025cb0000,0x0000000025db0000)]
  0x000000001ce57800 JavaThread "Cache worker for file hash cache (C:\Users\Chobotov\AndroidStudioProjects\VisitLog\.gradle\5.4.1\fileHashes)" [_thread_blocked, id=16700, stack(0x00000000259b0000,0x0000000025ab0000)]
  0x000000001ce57000 JavaThread "Thread-339" [_thread_blocked, id=19408, stack(0x0000000023fb0000,0x00000000240b0000)]
  0x000000001ce55800 JavaThread "Stdin handler" [_thread_blocked, id=21592, stack(0x0000000021270000,0x0000000021370000)]
  0x000000001ce4e000 JavaThread "Asynchronous log dispatcher for DefaultDaemonConnection: socket connection from /127.0.0.1:49819 to /127.0.0.1:52732" [_thread_blocked, id=21532, stack(0x0000000020b70000,0x0000000020c70000)]
  0x000000001ce54000 JavaThread "Daemon worker Thread 9" [_thread_blocked, id=18140, stack(0x0000000020870000,0x0000000020970000)]
  0x000000001ce4f800 JavaThread "Cancel handler" [_thread_blocked, id=11500, stack(0x000000001ae00000,0x000000001af00000)]
  0x000000001ce54800 JavaThread "Handler for socket connection from /127.0.0.1:49819 to /127.0.0.1:52732" [_thread_in_native, id=10924, stack(0x000000001a700000,0x000000001a800000)]
  0x000000001ce51000 JavaThread "Daemon Thread 9" [_thread_blocked, id=10344, stack(0x000000001a600000,0x000000001a700000)]
  0x000000001fac1800 JavaThread "Cache worker for Java compile cache (C:\Users\Chobotov\.gradle\caches\5.4.1\javaCompile)" [_thread_blocked, id=8384, stack(0x0000000024bb0000,0x0000000024cb0000)]
  0x000000001f510800 JavaThread "MarlinRenderer Disposer" daemon [_thread_blocked, id=17152, stack(0x0000000024eb0000,0x0000000024fb0000)]
  0x000000001f502800 JavaThread "Java2D Disposer" daemon [_thread_blocked, id=12392, stack(0x0000000024db0000,0x0000000024eb0000)]
  0x0000000019069800 JavaThread "Cache worker for file content cache (C:\Users\Chobotov\.gradle\caches\5.4.1\fileContent)" [_thread_blocked, id=1684, stack(0x00000000240b0000,0x00000000241b0000)]
  0x000000001ce4c800 JavaThread "Memory manager" [_thread_blocked, id=11664, stack(0x0000000021f70000,0x0000000022070000)]
  0x000000001ce4e800 JavaThread "Cache worker for execution history cache (C:\Users\Chobotov\.gradle\caches\5.4.1\executionHistory)" [_thread_blocked, id=21552, stack(0x000000001f1a0000,0x000000001f2a0000)]
  0x0000000019068000 JavaThread "Cache worker for journal cache (C:\Users\Chobotov\.gradle\caches\journal-1)" [_thread_blocked, id=21204, stack(0x000000001b100000,0x000000001b200000)]
  0x000000001906e000 JavaThread "File lock request listener" [_thread_in_native, id=18116, stack(0x000000001b000000,0x000000001b100000)]
  0x0000000018f35800 JavaThread "Cache worker for file hash cache (C:\Users\Chobotov\.gradle\caches\5.4.1\fileHashes)" [_thread_blocked, id=21324, stack(0x000000001af00000,0x000000001b000000)]
  0x0000000018288000 JavaThread "Daemon periodic checks" [_thread_blocked, id=19772, stack(0x000000001a500000,0x000000001a600000)]
  0x00000000186d9000 JavaThread "Incoming local TCP Connector on port 49819" [_thread_in_native, id=18692, stack(0x000000001a2b0000,0x000000001a3b0000)]
  0x00000000197b5000 JavaThread "Daemon health stats" [_thread_blocked, id=16648, stack(0x0000000019c70000,0x0000000019d70000)]
  0x000000001659d800 JavaThread "Service Thread" daemon [_thread_blocked, id=18720, stack(0x00000000182a0000,0x00000000183a0000)]
  0x0000000016575000 JavaThread "C1 CompilerThread2" daemon [_thread_blocked, id=6632, stack(0x0000000017da0000,0x0000000017ea0000)]
  0x0000000016549000 JavaThread "C2 CompilerThread1" daemon [_thread_in_native, id=12100, stack(0x0000000017ca0000,0x0000000017da0000)]
=>0x0000000016542000 JavaThread "C2 CompilerThread0" daemon [_thread_in_native, id=15332, stack(0x0000000017ba0000,0x0000000017ca0000)]
  0x0000000016540800 JavaThread "Attach Listener" daemon [_thread_blocked, id=11884, stack(0x0000000017aa0000,0x0000000017ba0000)]
  0x0000000016546800 JavaThread "Signal Dispatcher" daemon [_thread_blocked, id=16720, stack(0x00000000179a0000,0x0000000017aa0000)]
  0x0000000002bcb000 JavaThread "Finalizer" daemon [_thread_blocked, id=13368, stack(0x0000000017790000,0x0000000017890000)]
  0x0000000016529000 JavaThread "Reference Handler" daemon [_thread_blocked, id=21992, stack(0x0000000017690000,0x0000000017790000)]
  0x00000000012ee000 JavaThread "main" [_thread_blocked, id=14260, stack(0x00000000011c0000,0x00000000012c0000)]

Other Threads:
  0x0000000016506000 VMThread [stack: 0x0000000017590000,0x0000000017690000] [id=11708]
  0x0000000017eda000 WatcherThread [stack: 0x00000000183a0000,0x00000000184a0000] [id=10236]

VM state:not at safepoint (normal execution)

VM Mutex/Monitor currently owned by a thread: None

heap address: 0x00000000a0000000, size: 1536 MB, Compressed Oops mode: 32-bit
Narrow klass base: 0x0000000000000000, Narrow klass shift: 3
Compressed class space size: 1073741824 Address: 0x0000000100000000

Heap:
 PSYoungGen      total 406016K, used 313490K [0x00000000e0000000, 0x0000000100000000, 0x0000000100000000)
  eden space 310272K, 72% used [0x00000000e0000000,0x00000000edbd7fa0,0x00000000f2f00000)
  from space 95744K, 92% used [0x00000000fa280000,0x00000000ff8ccc50,0x0000000100000000)
  to   space 107008K, 0% used [0x00000000f2f00000,0x00000000f2f00000,0x00000000f9780000)
 ParOldGen       total 278016K, used 96747K [0x00000000a0000000, 0x00000000b0f80000, 0x00000000e0000000)
  object space 278016K, 34% used [0x00000000a0000000,0x00000000a5e7ac20,0x00000000b0f80000)
 Metaspace       used 192712K, capacity 206046K, committed 206336K, reserved 1228800K
  class space    used 24426K, capacity 26780K, committed 26880K, reserved 1048576K

Card table byte_map: [0x0000000011f90000,0x00000000122a0000] byte_map_base: 0x0000000011a90000

Marking Bits: (ParMarkBitMap*) 0x00000000531a9f30
 Begin Bits: [0x00000000128a0000, 0x00000000140a0000)
 End Bits:   [0x00000000140a0000, 0x00000000158a0000)

Polling page: 0x0000000000bf0000

CodeCache: size=245760Kb used=102121Kb max_used=103116Kb free=143638Kb
 bounds [0x0000000002bd0000, 0x0000000009120000, 0x0000000011bd0000]
 total_blobs=28489 nmethods=27464 adapters=935
 compilation: enabled

Compilation events (10 events):
Event: 3665.524 Thread 0x0000000016575000 35560       3       com.android.tools.r8.dex.DexParser::c (173 bytes)
Event: 3665.527 Thread 0x0000000016575000 nmethod 35560 0x0000000004fb5cd0 code [0x0000000004fb60a0, 0x0000000004fb8308]
Event: 3665.530 Thread 0x0000000016575000 35563       3       com.android.tools.r8.graph.ClassAccessFlags::isAbstract (8 bytes)
Event: 3665.530 Thread 0x0000000016575000 nmethod 35563 0x0000000008531010 code [0x0000000008531180, 0x0000000008531410]
Event: 3665.535 Thread 0x0000000016575000 35565       3       com.android.tools.r8.dex.DexParser::a (132 bytes)
Event: 3665.537 Thread 0x0000000016575000 nmethod 35565 0x000000000569df10 code [0x000000000569e180, 0x000000000569f488]
Event: 3665.543 Thread 0x0000000016575000 35566       3       com.android.tools.r8.graph.DexTypeList::b (90 bytes)
Event: 3665.544 Thread 0x0000000016575000 nmethod 35566 0x00000000039da610 code [0x00000000039da7e0, 0x00000000039dad98]
Event: 3665.568 Thread 0x0000000016575000 35569       2       java.lang.Float::compare (46 bytes)
Event: 3665.568 Thread 0x0000000016575000 nmethod 35569 0x00000000088cd610 code [0x00000000088cd760, 0x00000000088cd970]

GC Heap History (10 events):
Event: 3640.345 GC heap before
{Heap before GC invocations=33 (full 5):
 PSYoungGen      total 442368K, used 430933K [0x00000000e0000000, 0x0000000100000000, 0x0000000100000000)
  eden space 369664K, 100% used [0x00000000e0000000,0x00000000f6900000,0x00000000f6900000)
  from space 72704K, 84% used [0x00000000f6900000,0x00000000fa4d5540,0x00000000fb000000)
  to   space 79872K, 0% used [0x00000000fb200000,0x00000000fb200000,0x0000000100000000)
 ParOldGen       total 278016K, used 96723K [0x00000000a0000000, 0x00000000b0f80000, 0x00000000e0000000)
  object space 278016K, 34% used [0x00000000a0000000,0x00000000a5e74c20,0x00000000b0f80000)
 Metaspace       used 180515K, capacity 192790K, committed 193024K, reserved 1216512K
  class space    used 22872K, capacity 25052K, committed 25088K, reserved 1048576K
Event: 3640.497 GC heap after
Heap after GC invocations=33 (full 5):
 PSYoungGen      total 438272K, used 55317K [0x00000000e0000000, 0x0000000100000000, 0x0000000100000000)
  eden space 358400K, 0% used [0x00000000e0000000,0x00000000e0000000,0x00000000f5e00000)
  from space 79872K, 69% used [0x00000000fb200000,0x00000000fe8057e8,0x0000000100000000)
  to   space 82944K, 0% used [0x00000000f5e00000,0x00000000f5e00000,0x00000000faf00000)
 ParOldGen       total 278016K, used 96731K [0x00000000a0000000, 0x00000000b0f80000, 0x00000000e0000000)
  object space 278016K, 34% used [0x00000000a0000000,0x00000000a5e76c20,0x00000000b0f80000)
 Metaspace       used 180515K, capacity 192790K, committed 193024K, reserved 1216512K
  class space    used 22872K, capacity 25052K, committed 25088K, reserved 1048576K
}
Event: 3652.704 GC heap before
{Heap before GC invocations=34 (full 5):
 PSYoungGen      total 438272K, used 413717K [0x00000000e0000000, 0x0000000100000000, 0x0000000100000000)
  eden space 358400K, 100% used [0x00000000e0000000,0x00000000f5e00000,0x00000000f5e00000)
  from space 79872K, 69% used [0x00000000fb200000,0x00000000fe8057e8,0x0000000100000000)
  to   space 82944K, 0% used [0x00000000f5e00000,0x00000000f5e00000,0x00000000faf00000)
 ParOldGen       total 278016K, used 96731K [0x00000000a0000000, 0x00000000b0f80000, 0x00000000e0000000)
  object space 278016K, 34% used [0x00000000a0000000,0x00000000a5e76c20,0x00000000b0f80000)
 Metaspace       used 188750K, capacity 201524K, committed 201728K, reserved 1224704K
  class space    used 24064K, capacity 26335K, committed 26368K, reserved 1048576K
Event: 3652.785 GC heap after
Heap after GC invocations=34 (full 5):
 PSYoungGen      total 420352K, used 61937K [0x00000000e0000000, 0x0000000100000000, 0x0000000100000000)
  eden space 358400K, 0% used [0x00000000e0000000,0x00000000e0000000,0x00000000f5e00000)
  from space 61952K, 99% used [0x00000000f5e00000,0x00000000f9a7c428,0x00000000f9a80000)
  to   space 88064K, 0% used [0x00000000faa00000,0x00000000faa00000,0x0000000100000000)
 ParOldGen       total 278016K, used 96731K [0x00000000a0000000, 0x00000000b0f80000, 0x00000000e0000000)
  object space 278016K, 34% used [0x00000000a0000000,0x00000000a5e76c20,0x00000000b0f80000)
 Metaspace       used 188750K, capacity 201524K, committed 201728K, reserved 1224704K
  class space    used 24064K, capacity 26335K, committed 26368K, reserved 1048576K
}
Event: 3655.313 GC heap before
{Heap before GC invocations=35 (full 5):
 PSYoungGen      total 420352K, used 420337K [0x00000000e0000000, 0x0000000100000000, 0x0000000100000000)
  eden space 358400K, 100% used [0x00000000e0000000,0x00000000f5e00000,0x00000000f5e00000)
  from space 61952K, 99% used [0x00000000f5e00000,0x00000000f9a7c428,0x00000000f9a80000)
  to   space 88064K, 0% used [0x00000000faa00000,0x00000000faa00000,0x0000000100000000)
 ParOldGen       total 278016K, used 96731K [0x00000000a0000000, 0x00000000b0f80000, 0x00000000e0000000)
  object space 278016K, 34% used [0x00000000a0000000,0x00000000a5e76c20,0x00000000b0f80000)
 Metaspace       used 191414K, capacity 204656K, committed 204928K, reserved 1226752K
  class space    used 24312K, capacity 26661K, committed 26752K, reserved 1048576K
Event: 3655.452 GC heap after
Heap after GC invocations=35 (full 5):
 PSYoungGen      total 418816K, used 76030K [0x00000000e0000000, 0x0000000100000000, 0x0000000100000000)
  eden space 330752K, 0% used [0x00000000e0000000,0x00000000e0000000,0x00000000f4300000)
  from space 88064K, 86% used [0x00000000faa00000,0x00000000ff43fb68,0x0000000100000000)
  to   space 96768K, 0% used [0x00000000f4300000,0x00000000f4300000,0x00000000fa180000)
 ParOldGen       total 278016K, used 96739K [0x00000000a0000000, 0x00000000b0f80000, 0x00000000e0000000)
  object space 278016K, 34% used [0x00000000a0000000,0x00000000a5e78c20,0x00000000b0f80000)
 Metaspace       used 191414K, capacity 204656K, committed 204928K, reserved 1226752K
  class space    used 24312K, capacity 26661K, committed 26752K, reserved 1048576K
}
Event: 3658.056 GC heap before
{Heap before GC invocations=36 (full 5):
 PSYoungGen      total 418816K, used 406635K [0x00000000e0000000, 0x0000000100000000, 0x0000000100000000)
  eden space 330752K, 99% used [0x00000000e0000000,0x00000000f42db180,0x00000000f4300000)
  from space 88064K, 86% used [0x00000000faa00000,0x00000000ff43fb68,0x0000000100000000)
  to   space 96768K, 0% used [0x00000000f4300000,0x00000000f4300000,0x00000000fa180000)
 ParOldGen       total 278016K, used 96739K [0x00000000a0000000, 0x00000000b0f80000, 0x00000000e0000000)
  object space 278016K, 34% used [0x00000000a0000000,0x00000000a5e78c20,0x00000000b0f80000)
 Metaspace       used 191983K, capacity 205230K, committed 205440K, reserved 1228800K
  class space    used 24362K, capacity 26726K, committed 26752K, reserved 1048576K
Event: 3658.177 GC heap after
Heap after GC invocations=36 (full 5):
 PSYoungGen      total 427520K, used 54855K [0x00000000e0000000, 0x0000000100000000, 0x0000000100000000)
  eden space 330752K, 0% used [0x00000000e0000000,0x00000000e0000000,0x00000000f4300000)
  from space 96768K, 56% used [0x00000000f4300000,0x00000000f7891eb0,0x00000000fa180000)
  to   space 95744K, 0% used [0x00000000fa280000,0x00000000fa280000,0x0000000100000000)
 ParOldGen       total 278016K, used 96747K [0x00000000a0000000, 0x00000000b0f80000, 0x00000000e0000000)
  object space 278016K, 34% used [0x00000000a0000000,0x00000000a5e7ac20,0x00000000b0f80000)
 Metaspace       used 191983K, capacity 205230K, committed 205440K, reserved 1228800K
  class space    used 24362K, capacity 26726K, committed 26752K, reserved 1048576K
}
Event: 3662.435 GC heap before
{Heap before GC invocations=37 (full 5):
 PSYoungGen      total 427520K, used 385607K [0x00000000e0000000, 0x0000000100000000, 0x0000000100000000)
  eden space 330752K, 100% used [0x00000000e0000000,0x00000000f4300000,0x00000000f4300000)
  from space 96768K, 56% used [0x00000000f4300000,0x00000000f7891eb0,0x00000000fa180000)
  to   space 95744K, 0% used [0x00000000fa280000,0x00000000fa280000,0x0000000100000000)
 ParOldGen       total 278016K, used 96747K [0x00000000a0000000, 0x00000000b0f80000, 0x00000000e0000000)
  object space 278016K, 34% used [0x00000000a0000000,0x00000000a5e7ac20,0x00000000b0f80000)
 Metaspace       used 192663K, capacity 205978K, committed 206080K, reserved 1228800K
  class space    used 24425K, capacity 26780K, committed 26880K, reserved 1048576K
Event: 3662.636 GC heap after
Heap after GC invocations=37 (full 5):
 PSYoungGen      total 406016K, used 88371K [0x00000000e0000000, 0x0000000100000000, 0x0000000100000000)
  eden space 310272K, 0% used [0x00000000e0000000,0x00000000e0000000,0x00000000f2f00000)
  from space 95744K, 92% used [0x00000000fa280000,0x00000000ff8ccc50,0x0000000100000000)
  to   space 107008K, 0% used [0x00000000f2f00000,0x00000000f2f00000,0x00000000f9780000)
 ParOldGen       total 278016K, used 96747K [0x00000000a0000000, 0x00000000b0f80000, 0x00000000e0000000)
  object space 278016K, 34% used [0x00000000a0000000,0x00000000a5e7ac20,0x00000000b0f80000)
 Metaspace       used 192663K, capacity 205978K, committed 206080K, reserved 1228800K
  class space    used 24425K, capacity 26780K, committed 26880K, reserved 1048576K
}

Deoptimization events (10 events):
Event: 3663.593 Thread 0x0000000023f00000 Uncommon trap: reason=unstable_if action=reinterpret pc=0x000000000900ff78 method=com.android.tools.r8.n.a.a.a.h.N.a(Ljava/lang/Object;I)I @ 72
Event: 3663.954 Thread 0x0000000023f00000 Uncommon trap: reason=class_check action=maybe_recompile pc=0x00000000090b990c method=com.android.tools.r8.n.a.a.a.h.N.a(Ljava/lang/Object;)I @ 35
Event: 3663.954 Thread 0x0000000023f00000 Uncommon trap: reason=class_check action=maybe_recompile pc=0x00000000090b990c method=com.android.tools.r8.n.a.a.a.h.N.a(Ljava/lang/Object;)I @ 35
Event: 3663.954 Thread 0x0000000023f00000 Uncommon trap: reason=class_check action=maybe_recompile pc=0x00000000090b990c method=com.android.tools.r8.n.a.a.a.h.N.a(Ljava/lang/Object;)I @ 35
Event: 3663.954 Thread 0x0000000023f00000 Uncommon trap: reason=class_check action=maybe_recompile pc=0x00000000090b990c method=com.android.tools.r8.n.a.a.a.h.N.a(Ljava/lang/Object;)I @ 35
Event: 3663.954 Thread 0x0000000023f00000 Uncommon trap: reason=class_check action=maybe_recompile pc=0x00000000090b4bb8 method=com.android.tools.r8.n.a.a.a.h.N.a(Ljava/lang/Object;)I @ 35
Event: 3664.035 Thread 0x0000000023f00000 Uncommon trap: reason=unstable_if action=reinterpret pc=0x00000000090dee74 method=com.android.tools.r8.dex.e.a(Ljava/lang/Object;Lcom/android/tools/r8/n/a/a/a/h/Q;)I @ 1
Event: 3665.330 Thread 0x0000000029443800 Uncommon trap: reason=unstable_if action=reinterpret pc=0x0000000008f0de0c method=com.android.tools.r8.n.a.a.a.g.f0.a(ILjava/lang/Object;)Ljava/lang/Object; @ 1
Event: 3665.340 Thread 0x0000000029446800 Uncommon trap: reason=unstable_if action=reinterpret pc=0x0000000008fa759c method=com.android.tools.r8.dex.DexParser.a(Ljava/util/function/Consumer;)V @ 1041
Event: 3665.522 Thread 0x0000000029443800 Uncommon trap: reason=unstable_if action=reinterpret pc=0x0000000008fa759c method=com.android.tools.r8.dex.DexParser.a(Ljava/util/function/Consumer;)V @ 1041

Classes redefined (0 events):
No events

Internal exceptions (10 events):
Event: 3658.206 Thread 0x000000001f50f000 Exception <a 'sun/nio/fs/WindowsException'> (0x00000000e0610f18) thrown at [D:\src\AOSP-openjdk-cygwin\jdk8u\hotspot\src\share\vm\prims\jni.cpp, line 710]
Event: 3658.209 Thread 0x000000001f50f000 Exception <a 'sun/nio/fs/WindowsException'> (0x00000000e08e1a98) thrown at [D:\src\AOSP-openjdk-cygwin\jdk8u\hotspot\src\share\vm\prims\jni.cpp, line 710]
Event: 3658.213 Thread 0x000000001f50f000 Exception <a 'sun/nio/fs/WindowsException'> (0x00000000e092d030) thrown at [D:\src\AOSP-openjdk-cygwin\jdk8u\hotspot\src\share\vm\prims\jni.cpp, line 710]
Event: 3659.840 Thread 0x000000001ce54000 Exception <a 'sun/nio/fs/WindowsException'> (0x00000000eccc5518) thrown at [D:\src\AOSP-openjdk-cygwin\jdk8u\hotspot\src\share\vm\prims\jni.cpp, line 710]
Event: 3659.915 Thread 0x000000001ce54000 Exception <a 'java/lang/NoSuchMethodError': <clinit>> (0x00000000ecde1b90) thrown at [D:\src\AOSP-openjdk-cygwin\jdk8u\hotspot\src\share\vm\prims\jni.cpp, line 1614]
Event: 3661.049 Thread 0x0000000023f03800 Exception <a 'sun/nio/fs/WindowsException'> (0x00000000ed7d1818) thrown at [D:\src\AOSP-openjdk-cygwin\jdk8u\hotspot\src\share\vm\prims\jni.cpp, line 710]
Event: 3663.095 Thread 0x0000000023f00000 Implicit null exception at 0x00000000085851cf to 0x0000000008585339
Event: 3664.035 Thread 0x0000000023f00000 Implicit null exception at 0x00000000090debaf to 0x00000000090dee61
Event: 3664.087 Thread 0x0000000023f00000 Exception <a 'sun/nio/fs/WindowsException'> (0x00000000e6ae76d0) thrown at [D:\src\AOSP-openjdk-cygwin\jdk8u\hotspot\src\share\vm\prims\jni.cpp, line 710]
Event: 3665.195 Thread 0x0000000023ef6000 Exception <a 'sun/nio/fs/WindowsException'> (0x00000000e761e4f0) thrown at [D:\src\AOSP-openjdk-cygwin\jdk8u\hotspot\src\share\vm\prims\jni.cpp, line 710]

Events (10 events):
Event: 3665.625 Thread 0x0000000029443800 DEOPT PACKING pc=0x00000000084009ae sp=0x000000002f2cea10
Event: 3665.625 Thread 0x0000000029443800 DEOPT UNPACKING pc=0x0000000002c171d0 sp=0x000000002f2ce778 mode 0
Event: 3665.634 loading class com/android/tools/r8/graph/DexEncodedMethod$a
Event: 3665.634 loading class com/android/tools/r8/graph/DexEncodedMethod$a done
Event: 3665.635 Executing VM operation: RevokeBias
Event: 3665.637 Executing VM operation: RevokeBias done
Event: 3665.641 Executing VM operation: RevokeBias
Event: 3665.641 Executing VM operation: RevokeBias done
Event: 3665.644 Executing VM operation: BulkRevokeBias
Event: 3665.645 Executing VM operation: BulkRevokeBias done


Dynamic libraries:
0x00007ff754df0000 - 0x00007ff754e21000 	C:\Program Files\Android\Android Studio\jre\bin\java.exe
0x00007ffaa7140000 - 0x00007ffaa7330000 	C:\Windows\SYSTEM32\ntdll.dll
0x00007ffa95750000 - 0x00007ffa95762000 	C:\Program Files\AVAST Software\Avast\aswhook.dll
0x00007ffaa66f0000 - 0x00007ffaa67a2000 	C:\Windows\System32\KERNEL32.DLL
0x00007ffaa4e20000 - 0x00007ffaa50c3000 	C:\Windows\System32\KERNELBASE.dll
0x00007ffaa52a0000 - 0x00007ffaa5343000 	C:\Windows\System32\ADVAPI32.dll
0x00007ffaa68e0000 - 0x00007ffaa697e000 	C:\Windows\System32\msvcrt.dll
0x00007ffaa5600000 - 0x00007ffaa5697000 	C:\Windows\System32\sechost.dll
0x00007ffaa65d0000 - 0x00007ffaa66f0000 	C:\Windows\System32\RPCRT4.dll
0x00007ffaa6ea0000 - 0x00007ffaa7033000 	C:\Windows\System32\USER32.dll
0x00007ffaa4570000 - 0x00007ffaa4591000 	C:\Windows\System32\win32u.dll
0x00007ffaa5260000 - 0x00007ffaa5286000 	C:\Windows\System32\GDI32.dll
0x00007ffaa4380000 - 0x00007ffaa4514000 	C:\Windows\System32\gdi32full.dll
0x00007ffaa50d0000 - 0x00007ffaa516e000 	C:\Windows\System32\msvcp_win.dll
0x00007ffaa40d0000 - 0x00007ffaa41ca000 	C:\Windows\System32\ucrtbase.dll
0x00007ffa9d410000 - 0x00007ffa9d695000 	C:\Windows\WinSxS\amd64_microsoft.windows.common-controls_6595b64144ccf1df_6.0.18362.207_none_e6c5ae95130e4267\COMCTL32.dll
0x00007ffaa57e0000 - 0x00007ffaa5b16000 	C:\Windows\System32\combase.dll
0x00007ffaa5170000 - 0x00007ffaa51f1000 	C:\Windows\System32\bcryptPrimitives.dll
0x00007ffaa6e70000 - 0x00007ffaa6e9e000 	C:\Windows\System32\IMM32.DLL
0x0000000052820000 - 0x00000000528f2000 	C:\Program Files\Android\Android Studio\jre\jre\bin\msvcr100.dll
0x00000000529e0000 - 0x0000000053226000 	C:\Program Files\Android\Android Studio\jre\jre\bin\server\jvm.dll
0x00007ffaa5290000 - 0x00007ffaa5298000 	C:\Windows\System32\PSAPI.DLL
0x00007ffa958f0000 - 0x00007ffa958f9000 	C:\Windows\SYSTEM32\WSOCK32.dll
0x00007ffaa6560000 - 0x00007ffaa65cf000 	C:\Windows\System32\WS2_32.dll
0x00007ffaa2100000 - 0x00007ffaa2124000 	C:\Windows\SYSTEM32\WINMM.dll
0x00007ffa9e350000 - 0x00007ffa9e35a000 	C:\Windows\SYSTEM32\VERSION.dll
0x00007ffaa20d0000 - 0x00007ffaa20fd000 	C:\Windows\SYSTEM32\WINMMBASE.dll
0x00007ffaa4520000 - 0x00007ffaa456a000 	C:\Windows\System32\cfgmgr32.dll
0x00007ffa9fdd0000 - 0x00007ffa9fddf000 	C:\Program Files\Android\Android Studio\jre\jre\bin\verify.dll
0x00007ffa9c820000 - 0x00007ffa9c849000 	C:\Program Files\Android\Android Studio\jre\jre\bin\java.dll
0x00007ffa9a9d0000 - 0x00007ffa9a9e6000 	C:\Program Files\Android\Android Studio\jre\jre\bin\zip.dll
0x00007ffaa5d00000 - 0x00007ffaa63e0000 	C:\Windows\System32\SHELL32.dll
0x00007ffaa6830000 - 0x00007ffaa68d9000 	C:\Windows\System32\shcore.dll
0x00007ffaa45f0000 - 0x00007ffaa4d6b000 	C:\Windows\System32\windows.storage.dll
0x00007ffaa4040000 - 0x00007ffaa405f000 	C:\Windows\System32\profapi.dll
0x00007ffaa4080000 - 0x00007ffaa40ca000 	C:\Windows\System32\powrprof.dll
0x00007ffaa4010000 - 0x00007ffaa4020000 	C:\Windows\System32\UMPDC.dll
0x00007ffaa5200000 - 0x00007ffaa5252000 	C:\Windows\System32\shlwapi.dll
0x00007ffaa4020000 - 0x00007ffaa4031000 	C:\Windows\System32\kernel.appcore.dll
0x00007ffaa45a0000 - 0x00007ffaa45b7000 	C:\Windows\System32\cryptsp.dll
0x00007ffa9a930000 - 0x00007ffa9a94a000 	C:\Program Files\Android\Android Studio\jre\jre\bin\net.dll
0x00007ffaa3880000 - 0x00007ffaa38e7000 	C:\Windows\system32\mswsock.dll
0x00007ffa9a910000 - 0x00007ffa9a921000 	C:\Program Files\Android\Android Studio\jre\jre\bin\nio.dll
0x00007ffa9b320000 - 0x00007ffa9b346000 	C:\Users\Chobotov\.gradle\native\29\windows-amd64\native-platform.dll
0x00007ffa9e390000 - 0x00007ffa9e39d000 	C:\Program Files\Android\Android Studio\jre\jre\bin\management.dll
0x00007ffaa3440000 - 0x00007ffaa3473000 	C:\Windows\system32\rsaenh.dll
0x00007ffaa45c0000 - 0x00007ffaa45e6000 	C:\Windows\System32\bcrypt.dll
0x00007ffaa3f30000 - 0x00007ffaa3f55000 	C:\Windows\SYSTEM32\USERENV.dll
0x00007ffaa3a50000 - 0x00007ffaa3a5c000 	C:\Windows\SYSTEM32\CRYPTBASE.dll
0x00007ffaa35e0000 - 0x00007ffaa361a000 	C:\Windows\SYSTEM32\IPHLPAPI.DLL
0x00007ffaa5350000 - 0x00007ffaa5358000 	C:\Windows\System32\NSI.dll
0x00007ffa9e840000 - 0x00007ffa9e856000 	C:\Windows\SYSTEM32\dhcpcsvc6.DLL
0x00007ffa9e780000 - 0x00007ffa9e79c000 	C:\Windows\SYSTEM32\dhcpcsvc.DLL
0x00007ffaa3630000 - 0x00007ffaa36fa000 	C:\Windows\SYSTEM32\DNSAPI.dll
0x00007ffa81af0000 - 0x00007ffa81c8c000 	C:\Program Files\Android\Android Studio\jre\jre\bin\awt.dll
0x00007ffaa5380000 - 0x00007ffaa5444000 	C:\Windows\System32\OLEAUT32.dll
0x00007ffaa2490000 - 0x00007ffaa24bd000 	C:\Windows\SYSTEM32\dwmapi.dll
0x00007ffaa0a20000 - 0x00007ffaa0fe0000 	C:\Windows\SYSTEM32\d2d1.dll
0x00007ffaa2200000 - 0x00007ffaa228f000 	C:\Windows\SYSTEM32\apphelp.dll
0x00007ffaa2390000 - 0x00007ffaa2429000 	C:\Windows\system32\uxtheme.dll
0x00007ffa90a30000 - 0x00007ffa90a54000 	C:\Program Files\Android\Android Studio\jre\jre\bin\sunec.dll
0x00007ffa9dc20000 - 0x00007ffa9dc2a000 	C:\Windows\System32\rasadhlp.dll
0x00007ffa9e2d0000 - 0x00007ffa9e347000 	C:\Windows\System32\fwpuclnt.dll
0x00007ffa9c810000 - 0x00007ffa9c81b000 	C:\Program Files\Android\Android Studio\jre\jre\bin\sunmscapi.dll
0x00007ffaa4230000 - 0x00007ffaa4379000 	C:\Windows\System32\CRYPT32.dll
0x00007ffaa4060000 - 0x00007ffaa4072000 	C:\Windows\System32\MSASN1.dll
0x00007ffaa30c0000 - 0x00007ffaa30f1000 	C:\Windows\SYSTEM32\ntmarta.dll

VM Arguments:
jvm_args: -Xmx1536m -Dfile.encoding=windows-1251 -Duser.country=RU -Duser.language=ru -Duser.variant 
java_command: org.gradle.launcher.daemon.bootstrap.GradleDaemon 5.4.1
java_class_path (initial): C:\Users\Chobotov\.gradle\wrapper\dists\gradle-5.4.1-all\3221gyojl5jsh0helicew7rwx\gradle-5.4.1\lib\gradle-launcher-5.4.1.jar
Launcher Type: SUN_STANDARD

Environment Variables:
PATH=C:\Windows\system32;C:\Windows;C:\Windows\System32\Wbem;C:\Windows\System32\WindowsPowerShell\v1.0\;C:\Windows\System32\OpenSSH\;C:\Program Files (x86)\NVIDIA Corporation\PhysX\Common;C:\Program Files\dotnet\;C:\Program Files\Microsoft SQL Server\130\Tools\Binn\;C:\Program Files\Microsoft SQL Server\Client SDK\ODBC\170\Tools\Binn\;C:\Program Files (x86)\GtkSharp\2.12\bin;C:\Program Files\NVIDIA Corporation\NVIDIA NvDLISR;C:\Program Files\Git\cmd;C:\Users\Chobotov\AppData\Local\Microsoft\WindowsApps;
USERNAME=Chobotov
OS=Windows_NT
PROCESSOR_IDENTIFIER=AMD64 Family 16 Model 4 Stepping 3, AuthenticAMD



---------------  S Y S T E M  ---------------

OS: Windows 10.0 , 64 bit Build 18362 (10.0.18362.86)

CPU:total 4 (initial active 4) (4 cores per cpu, 1 threads per core) family 16 model 4 stepping 3, cmov, cx8, fxsr, mmx, sse, sse2, sse3, popcnt, mmxext, 3dnowpref, lzcnt, sse4a, tsc, tscinvbit, tscinv

Memory: 4k page, physical 8387696k(3101848k free), swap 10484848k(5816k free)

vm_info: OpenJDK 64-Bit Server VM (25.202-b03) for windows-amd64 JRE (1.8.0_202-release-1483-b03), built by "builder" with MS VC++ 10.0 (VS2010)

time: Fri Sep 27 22:20:55 2019
timezone: RTZ 2 (зима)
elapsed time: 3665 seconds (0d 1h 1m 5s)

